<?xml version="1.0" encoding="UTF-8"?>
<testng-results skipped="0" failed="0" total="1" passed="1">
  <reporter-output>
  </reporter-output>
  <suite name="AusPost BDD Suite" duration-ms="46242" started-at="2019-07-11T10:57:32Z" finished-at="2019-07-11T10:58:18Z">
    <groups>
      <group name="cucumber">
        <method signature="TestRunner.feature(cucumber.api.testng.CucumberFeatureWrapper)[pri:0, instance:com.qa.AusPost.MyRunner.TestRunner@685cb137]" name="feature" class="com.qa.AusPost.MyRunner.TestRunner"/>
      </group> <!-- cucumber -->
    </groups>
    <test name="AusPost Login Test" duration-ms="46242" started-at="2019-07-11T10:57:32Z" finished-at="2019-07-11T10:58:18Z">
      <class name="com.qa.AusPost.MyRunner.TestRunner">
        <test-method status="PASS" signature="setUpClass()[pri:0, instance:com.qa.AusPost.MyRunner.TestRunner@685cb137]" name="setUpClass" is-config="true" duration-ms="148" started-at="2019-07-11T20:57:32Z" finished-at="2019-07-11T20:57:32Z">
          <reporter-output>
          </reporter-output>
        </test-method> <!-- setUpClass -->
        <test-method status="PASS" signature="feature(cucumber.api.testng.CucumberFeatureWrapper)[pri:0, instance:com.qa.AusPost.MyRunner.TestRunner@685cb137]" name="feature" duration-ms="46003" started-at="2019-07-11T20:57:32Z" description="Run Cucumber Feature" data-provider="features" finished-at="2019-07-11T20:58:18Z">
          <params>
            <param index="0">
              <value>
                <![CDATA[AustPost login feature]]>
              </value>
            </param>
          </params>
          <reporter-output>
          </reporter-output>
        </test-method> <!-- feature -->
        <test-method status="PASS" signature="tearDownClass()[pri:0, instance:com.qa.AusPost.MyRunner.TestRunner@685cb137]" name="tearDownClass" is-config="true" duration-ms="23" started-at="2019-07-11T20:58:18Z" finished-at="2019-07-11T20:58:18Z">
          <reporter-output>
          </reporter-output>
        </test-method> <!-- tearDownClass -->
      </class> <!-- com.qa.AusPost.MyRunner.TestRunner -->
    </test> <!-- AusPost Login Test -->
  </suite> <!-- AusPost BDD Suite -->
</testng-results>
