<?xml version="1.0" encoding="UTF-8"?>
<testng-results skipped="0" failed="0" total="1" passed="1">
  <reporter-output>
  </reporter-output>
  <suite name="Default suite" duration-ms="55366" started-at="2019-07-11T11:08:17Z" finished-at="2019-07-11T11:09:12Z">
    <groups>
      <group name="cucumber">
        <method signature="TestRunner.feature(cucumber.api.testng.CucumberFeatureWrapper)[pri:0, instance:com.qa.AusPost.MyRunner.TestRunner@685cb137]" name="feature" class="com.qa.AusPost.MyRunner.TestRunner"/>
      </group> <!-- cucumber -->
    </groups>
    <test name="Default test" duration-ms="55366" started-at="2019-07-11T11:08:17Z" finished-at="2019-07-11T11:09:12Z">
      <class name="com.qa.AusPost.MyRunner.TestRunner">
        <test-method status="PASS" signature="setUpClass()[pri:0, instance:com.qa.AusPost.MyRunner.TestRunner@685cb137]" name="setUpClass" is-config="true" duration-ms="150" started-at="2019-07-11T21:08:17Z" finished-at="2019-07-11T21:08:17Z">
          <reporter-output>
          </reporter-output>
        </test-method> <!-- setUpClass -->
        <test-method status="PASS" signature="feature(cucumber.api.testng.CucumberFeatureWrapper)[pri:0, instance:com.qa.AusPost.MyRunner.TestRunner@685cb137]" name="feature" duration-ms="54768" started-at="2019-07-11T21:08:17Z" description="Run Cucumber Feature" data-provider="features" finished-at="2019-07-11T21:09:12Z">
          <params>
            <param index="0">
              <value>
                <![CDATA[AustPost login feature]]>
              </value>
            </param>
          </params>
          <reporter-output>
          </reporter-output>
        </test-method> <!-- feature -->
        <test-method status="PASS" signature="tearDownClass()[pri:0, instance:com.qa.AusPost.MyRunner.TestRunner@685cb137]" name="tearDownClass" is-config="true" duration-ms="379" started-at="2019-07-11T21:09:12Z" finished-at="2019-07-11T21:09:12Z">
          <reporter-output>
          </reporter-output>
        </test-method> <!-- tearDownClass -->
      </class> <!-- com.qa.AusPost.MyRunner.TestRunner -->
    </test> <!-- Default test -->
  </suite> <!-- Default suite -->
</testng-results>
